[0.007s] Invoking command in '/home/soon/turtlebot3_ws/build/turtlebot3_simulations': CMAKE_PREFIX_PATH=/home/soon/turtlebot3_ws/install/turtlebot3_fake_node:/home/soon/turtlebot3_ws/install/turtlebot3_msgs:/home/soon/turtlebot3_ws/install/turtlebot3_manipulation_gazebo:/home/soon/turtlebot3_ws/install/turtlebot3_gazebo:/home/soon/turtlebot3_ws/install/my_nav:/home/soon/turtlebot3_ws/install/nav:/home/soon/turtlebot3_ws/install/turtlebot3_simulations:/home/soon/turtlebot3_ws/install/turtlebot3_teleop:/opt/ros/humble /usr/bin/cmake /home/soon/turtlebot3_ws/src/turtlebot3_simulations/turtlebot3_simulations -DAMENT_CMAKE_SYMLINK_INSTALL=1 -DCMAKE_INSTALL_PREFIX=/home/soon/turtlebot3_ws/install/turtlebot3_simulations
[0.042s] -- The C compiler identification is GNU 11.4.0
[0.077s] -- The CXX compiler identification is GNU 11.4.0
[0.082s] -- Detecting C compiler ABI info
[0.130s] -- Detecting C compiler ABI info - done
[0.134s] -- Check for working C compiler: /usr/bin/cc - skipped
[0.134s] -- Detecting C compile features
[0.134s] -- Detecting C compile features - done
[0.136s] -- Detecting CXX compiler ABI info
[0.189s] -- Detecting CXX compiler ABI info - done
[0.193s] -- Check for working CXX compiler: /usr/bin/c++ - skipped
[0.193s] -- Detecting CXX compile features
[0.194s] -- Detecting CXX compile features - done
[0.195s] -- Found ament_cmake: 1.3.11 (/opt/ros/humble/share/ament_cmake/cmake)
[0.286s] -- Found Python3: /usr/bin/python3 (found version "3.10.12") found components: Interpreter 
[0.321s] -- Override CMake install command with custom implementation using symlinks instead of copying resources
[0.378s] -- Configuring done
[0.379s] -- Generating done
[0.380s] -- Build files have been written to: /home/soon/turtlebot3_ws/build/turtlebot3_simulations
[0.383s] Invoked command in '/home/soon/turtlebot3_ws/build/turtlebot3_simulations' returned '0': CMAKE_PREFIX_PATH=/home/soon/turtlebot3_ws/install/turtlebot3_fake_node:/home/soon/turtlebot3_ws/install/turtlebot3_msgs:/home/soon/turtlebot3_ws/install/turtlebot3_manipulation_gazebo:/home/soon/turtlebot3_ws/install/turtlebot3_gazebo:/home/soon/turtlebot3_ws/install/my_nav:/home/soon/turtlebot3_ws/install/nav:/home/soon/turtlebot3_ws/install/turtlebot3_simulations:/home/soon/turtlebot3_ws/install/turtlebot3_teleop:/opt/ros/humble /usr/bin/cmake /home/soon/turtlebot3_ws/src/turtlebot3_simulations/turtlebot3_simulations -DAMENT_CMAKE_SYMLINK_INSTALL=1 -DCMAKE_INSTALL_PREFIX=/home/soon/turtlebot3_ws/install/turtlebot3_simulations
[0.384s] Invoking command in '/home/soon/turtlebot3_ws/build/turtlebot3_simulations': CMAKE_PREFIX_PATH=/home/soon/turtlebot3_ws/install/turtlebot3_fake_node:/home/soon/turtlebot3_ws/install/turtlebot3_msgs:/home/soon/turtlebot3_ws/install/turtlebot3_manipulation_gazebo:/home/soon/turtlebot3_ws/install/turtlebot3_gazebo:/home/soon/turtlebot3_ws/install/my_nav:/home/soon/turtlebot3_ws/install/nav:/home/soon/turtlebot3_ws/install/turtlebot3_simulations:/home/soon/turtlebot3_ws/install/turtlebot3_teleop:/opt/ros/humble /usr/bin/cmake --build /home/soon/turtlebot3_ws/build/turtlebot3_simulations -- -j12 -l12
[0.412s] Invoked command in '/home/soon/turtlebot3_ws/build/turtlebot3_simulations' returned '0': CMAKE_PREFIX_PATH=/home/soon/turtlebot3_ws/install/turtlebot3_fake_node:/home/soon/turtlebot3_ws/install/turtlebot3_msgs:/home/soon/turtlebot3_ws/install/turtlebot3_manipulation_gazebo:/home/soon/turtlebot3_ws/install/turtlebot3_gazebo:/home/soon/turtlebot3_ws/install/my_nav:/home/soon/turtlebot3_ws/install/nav:/home/soon/turtlebot3_ws/install/turtlebot3_simulations:/home/soon/turtlebot3_ws/install/turtlebot3_teleop:/opt/ros/humble /usr/bin/cmake --build /home/soon/turtlebot3_ws/build/turtlebot3_simulations -- -j12 -l12
[0.413s] Invoking command in '/home/soon/turtlebot3_ws/build/turtlebot3_simulations': CMAKE_PREFIX_PATH=/home/soon/turtlebot3_ws/install/turtlebot3_fake_node:/home/soon/turtlebot3_ws/install/turtlebot3_msgs:/home/soon/turtlebot3_ws/install/turtlebot3_manipulation_gazebo:/home/soon/turtlebot3_ws/install/turtlebot3_gazebo:/home/soon/turtlebot3_ws/install/my_nav:/home/soon/turtlebot3_ws/install/nav:/home/soon/turtlebot3_ws/install/turtlebot3_simulations:/home/soon/turtlebot3_ws/install/turtlebot3_teleop:/opt/ros/humble /usr/bin/cmake --install /home/soon/turtlebot3_ws/build/turtlebot3_simulations
[0.418s] -- Install configuration: ""
[0.418s] -- Execute custom install script
[0.419s] -- Symlinking: /home/soon/turtlebot3_ws/install/turtlebot3_simulations/share/ament_index/resource_index/package_run_dependencies/turtlebot3_simulations
[0.424s] -- Symlinking: /home/soon/turtlebot3_ws/install/turtlebot3_simulations/share/ament_index/resource_index/parent_prefix_path/turtlebot3_simulations
[0.431s] -- Symlinking: /home/soon/turtlebot3_ws/install/turtlebot3_simulations/share/turtlebot3_simulations/environment/ament_prefix_path.sh
[0.436s] -- Symlinking: /home/soon/turtlebot3_ws/install/turtlebot3_simulations/share/turtlebot3_simulations/environment/ament_prefix_path.dsv
[0.441s] -- Symlinking: /home/soon/turtlebot3_ws/install/turtlebot3_simulations/share/turtlebot3_simulations/environment/path.sh
[0.446s] -- Symlinking: /home/soon/turtlebot3_ws/install/turtlebot3_simulations/share/turtlebot3_simulations/environment/path.dsv
[0.452s] -- Symlinking: /home/soon/turtlebot3_ws/install/turtlebot3_simulations/share/turtlebot3_simulations/local_setup.bash
[0.458s] -- Symlinking: /home/soon/turtlebot3_ws/install/turtlebot3_simulations/share/turtlebot3_simulations/local_setup.sh
[0.464s] -- Symlinking: /home/soon/turtlebot3_ws/install/turtlebot3_simulations/share/turtlebot3_simulations/local_setup.zsh
[0.469s] -- Symlinking: /home/soon/turtlebot3_ws/install/turtlebot3_simulations/share/turtlebot3_simulations/local_setup.dsv
[0.473s] -- Symlinking: /home/soon/turtlebot3_ws/install/turtlebot3_simulations/share/turtlebot3_simulations/package.dsv
[0.479s] -- Symlinking: /home/soon/turtlebot3_ws/install/turtlebot3_simulations/share/ament_index/resource_index/packages/turtlebot3_simulations
[0.484s] -- Symlinking: /home/soon/turtlebot3_ws/install/turtlebot3_simulations/share/turtlebot3_simulations/cmake/turtlebot3_simulationsConfig.cmake
[0.490s] -- Symlinking: /home/soon/turtlebot3_ws/install/turtlebot3_simulations/share/turtlebot3_simulations/cmake/turtlebot3_simulationsConfig-version.cmake
[0.495s] -- Symlinking: /home/soon/turtlebot3_ws/install/turtlebot3_simulations/share/turtlebot3_simulations/package.xml
[0.502s] Invoked command in '/home/soon/turtlebot3_ws/build/turtlebot3_simulations' returned '0': CMAKE_PREFIX_PATH=/home/soon/turtlebot3_ws/install/turtlebot3_fake_node:/home/soon/turtlebot3_ws/install/turtlebot3_msgs:/home/soon/turtlebot3_ws/install/turtlebot3_manipulation_gazebo:/home/soon/turtlebot3_ws/install/turtlebot3_gazebo:/home/soon/turtlebot3_ws/install/my_nav:/home/soon/turtlebot3_ws/install/nav:/home/soon/turtlebot3_ws/install/turtlebot3_simulations:/home/soon/turtlebot3_ws/install/turtlebot3_teleop:/opt/ros/humble /usr/bin/cmake --install /home/soon/turtlebot3_ws/build/turtlebot3_simulations
