[0.568s] Invoking command in '/home/soon/turtlebot3_ws/build/turtlebot3_teleop': PYTHONPATH=/home/soon/turtlebot3_ws/build/turtlebot3_teleop/prefix_override:/usr/lib/python3/dist-packages/colcon_core/task/python/colcon_distutils_commands:/home/soon/turtlebot3_ws/install/turtlebot3_teleop/lib/python3.10/site-packages:${PYTHONPATH} /usr/bin/python3 -W ignore:setup.py install is deprecated -W ignore:easy_install command is deprecated setup.py develop --editable --build-directory /home/soon/turtlebot3_ws/build/turtlebot3_teleop/build --no-deps symlink_data
[0.724s] running develop
[0.833s] running egg_info
[0.833s] creating turtlebot3_teleop.egg-info
[0.837s] writing turtlebot3_teleop.egg-info/PKG-INFO
[0.837s] writing dependency_links to turtlebot3_teleop.egg-info/dependency_links.txt
[0.837s] writing entry points to turtlebot3_teleop.egg-info/entry_points.txt
[0.837s] writing requirements to turtlebot3_teleop.egg-info/requires.txt
[0.837s] writing top-level names to turtlebot3_teleop.egg-info/top_level.txt
[0.837s] writing manifest file 'turtlebot3_teleop.egg-info/SOURCES.txt'
[0.838s] reading manifest file 'turtlebot3_teleop.egg-info/SOURCES.txt'
[0.838s] writing manifest file 'turtlebot3_teleop.egg-info/SOURCES.txt'
[0.839s] running build_ext
[0.839s] Creating /home/soon/turtlebot3_ws/install/turtlebot3_teleop/lib/python3.10/site-packages/turtlebot3-teleop.egg-link (link to .)
[0.840s] Installing teleop_keyboard script to /home/soon/turtlebot3_ws/install/turtlebot3_teleop/lib/turtlebot3_teleop
[0.840s] 
[0.840s] Installed /home/soon/turtlebot3_ws/build/turtlebot3_teleop
[0.840s] running symlink_data
[0.840s] creating /home/soon/turtlebot3_ws/install/turtlebot3_teleop/share/ament_index
[0.840s] creating /home/soon/turtlebot3_ws/install/turtlebot3_teleop/share/ament_index/resource_index
[0.840s] creating /home/soon/turtlebot3_ws/install/turtlebot3_teleop/share/ament_index/resource_index/packages
[0.840s] symbolically linking /home/soon/turtlebot3_ws/build/turtlebot3_teleop/resource/turtlebot3_teleop -> /home/soon/turtlebot3_ws/install/turtlebot3_teleop/share/ament_index/resource_index/packages
[0.840s] symbolically linking /home/soon/turtlebot3_ws/build/turtlebot3_teleop/package.xml -> /home/soon/turtlebot3_ws/install/turtlebot3_teleop/share/turtlebot3_teleop
[0.860s] Invoked command in '/home/soon/turtlebot3_ws/build/turtlebot3_teleop' returned '0': PYTHONPATH=/home/soon/turtlebot3_ws/build/turtlebot3_teleop/prefix_override:/usr/lib/python3/dist-packages/colcon_core/task/python/colcon_distutils_commands:/home/soon/turtlebot3_ws/install/turtlebot3_teleop/lib/python3.10/site-packages:${PYTHONPATH} /usr/bin/python3 -W ignore:setup.py install is deprecated -W ignore:easy_install command is deprecated setup.py develop --editable --build-directory /home/soon/turtlebot3_ws/build/turtlebot3_teleop/build --no-deps symlink_data
