[0.564s] Invoking command in '/home/soon/turtlebot3_ws/build/my_nav': PYTHONPATH=/home/soon/turtlebot3_ws/build/my_nav/prefix_override:/usr/lib/python3/dist-packages/colcon_core/task/python/colcon_distutils_commands:/home/soon/turtlebot3_ws/install/my_nav/lib/python3.10/site-packages:${PYTHONPATH} /usr/bin/python3 -W ignore:setup.py install is deprecated -W ignore:easy_install command is deprecated setup.py develop --editable --build-directory /home/soon/turtlebot3_ws/build/my_nav/build --no-deps symlink_data --force
[0.712s] running develop
[0.812s] running egg_info
[0.814s] writing my_nav.egg-info/PKG-INFO
[0.815s] writing dependency_links to my_nav.egg-info/dependency_links.txt
[0.815s] writing entry points to my_nav.egg-info/entry_points.txt
[0.815s] writing requirements to my_nav.egg-info/requires.txt
[0.815s] writing top-level names to my_nav.egg-info/top_level.txt
[0.816s] reading manifest file 'my_nav.egg-info/SOURCES.txt'
[0.816s] writing manifest file 'my_nav.egg-info/SOURCES.txt'
[0.817s] running build_ext
[0.817s] Creating /home/soon/turtlebot3_ws/install/my_nav/lib/python3.10/site-packages/my-nav.egg-link (link to .)
[0.818s] Installing costmap script to /home/soon/turtlebot3_ws/install/my_nav/lib/my_nav
[0.818s] Installing planner script to /home/soon/turtlebot3_ws/install/my_nav/lib/my_nav
[0.818s] Installing tracker script to /home/soon/turtlebot3_ws/install/my_nav/lib/my_nav
[0.818s] 
[0.818s] Installed /home/soon/turtlebot3_ws/build/my_nav
[0.818s] running symlink_data
[0.818s] symbolically linking /home/soon/turtlebot3_ws/build/my_nav/resource/my_nav -> /home/soon/turtlebot3_ws/install/my_nav/share/ament_index/resource_index/packages
[0.818s] symbolically linking /home/soon/turtlebot3_ws/build/my_nav/package.xml -> /home/soon/turtlebot3_ws/install/my_nav/share/my_nav
[0.818s] error: [Errno 2] No such file or directory: '/home/soon/turtlebot3_ws/install/my_nav/share/my_nav/launch/planner.launch.py'
[0.836s] Invoked command in '/home/soon/turtlebot3_ws/build/my_nav' returned '1': PYTHONPATH=/home/soon/turtlebot3_ws/build/my_nav/prefix_override:/usr/lib/python3/dist-packages/colcon_core/task/python/colcon_distutils_commands:/home/soon/turtlebot3_ws/install/my_nav/lib/python3.10/site-packages:${PYTHONPATH} /usr/bin/python3 -W ignore:setup.py install is deprecated -W ignore:easy_install command is deprecated setup.py develop --editable --build-directory /home/soon/turtlebot3_ws/build/my_nav/build --no-deps symlink_data --force
