[0.009s] Invoking command in '/home/soon/turtlebot3_ws/build/turtlebot3_fake_node': CMAKE_PREFIX_PATH=/home/soon/turtlebot3_ws/install/turtlebot3_msgs:/home/soon/turtlebot3_ws/install/my_nav:/home/soon/turtlebot3_ws/install/nav:/home/soon/turtlebot3_ws/install/turtlebot3_simulations:/home/soon/turtlebot3_ws/install/turtlebot3_fake_node:/home/soon/turtlebot3_ws/install/turtlebot3_manipulation_gazebo:/home/soon/turtlebot3_ws/install/turtlebot3_gazebo:/home/soon/turtlebot3_ws/install/turtlebot3_teleop:/opt/ros/humble /usr/bin/cmake /home/soon/turtlebot3_ws/src/turtlebot3_simulations/turtlebot3_fake_node -DAMENT_CMAKE_SYMLINK_INSTALL=1 -DCMAKE_INSTALL_PREFIX=/home/soon/turtlebot3_ws/install/turtlebot3_fake_node
[0.058s] -- The C compiler identification is GNU 11.4.0
[0.109s] -- The CXX compiler identification is GNU 11.4.0
[0.115s] -- Detecting C compiler ABI info
[0.181s] -- Detecting C compiler ABI info - done
[0.187s] -- Check for working C compiler: /usr/bin/cc - skipped
[0.187s] -- Detecting C compile features
[0.187s] -- Detecting C compile features - done
[0.190s] -- Detecting CXX compiler ABI info
[0.265s] -- Detecting CXX compiler ABI info - done
[0.271s] -- Check for working CXX compiler: /usr/bin/c++ - skipped
[0.271s] -- Detecting CXX compile features
[0.272s] -- Detecting CXX compile features - done
[0.274s] -- Found ament_cmake: 1.3.11 (/opt/ros/humble/share/ament_cmake/cmake)
[0.403s] -- Found Python3: /usr/bin/python3 (found version "3.10.12") found components: Interpreter 
[0.451s] -- Override CMake install command with custom implementation using symlinks instead of copying resources
[0.479s] -- Found geometry_msgs: 4.9.0 (/opt/ros/humble/share/geometry_msgs/cmake)
[0.514s] -- Found rosidl_generator_c: 3.1.6 (/opt/ros/humble/share/rosidl_generator_c/cmake)
[0.518s] -- Found rosidl_adapter: 3.1.6 (/opt/ros/humble/share/rosidl_adapter/cmake)
[0.524s] -- Found rosidl_generator_cpp: 3.1.6 (/opt/ros/humble/share/rosidl_generator_cpp/cmake)
[0.533s] -- Using all available rosidl_typesupport_c: rosidl_typesupport_fastrtps_c;rosidl_typesupport_introspection_c
[0.546s] -- Using all available rosidl_typesupport_cpp: rosidl_typesupport_fastrtps_cpp;rosidl_typesupport_introspection_cpp
[0.574s] -- Found nav_msgs: 4.9.0 (/opt/ros/humble/share/nav_msgs/cmake)
[0.587s] -- Found rclcpp: 16.0.12 (/opt/ros/humble/share/rclcpp/cmake)
[0.616s] -- Found rmw_implementation_cmake: 6.1.2 (/opt/ros/humble/share/rmw_implementation_cmake/cmake)
[0.618s] -- Found rmw_fastrtps_cpp: 6.2.7 (/opt/ros/humble/share/rmw_fastrtps_cpp/cmake)
[0.693s] -- Found OpenSSL: /usr/lib/x86_64-linux-gnu/libcrypto.so (found version "3.0.2")  
[0.720s] -- Found FastRTPS: /opt/ros/humble/include  
[0.759s] -- Using RMW implementation 'rmw_fastrtps_cpp' as default
[0.767s] -- Looking for pthread.h
[0.832s] -- Looking for pthread.h - found
[0.832s] -- Performing Test CMAKE_HAVE_LIBC_PTHREAD
[0.898s] -- Performing Test CMAKE_HAVE_LIBC_PTHREAD - Success
[0.899s] -- Found Threads: TRUE  
[0.934s] -- Found sensor_msgs: 4.9.0 (/opt/ros/humble/share/sensor_msgs/cmake)
[0.950s] -- Found tf2: 0.25.13 (/opt/ros/humble/share/tf2/cmake)
[0.960s] -- Found tf2_msgs: 0.25.13 (/opt/ros/humble/share/tf2_msgs/cmake)
[0.997s] -- Found turtlebot3_msgs: 2.4.0 (/home/soon/turtlebot3_ws/install/turtlebot3_msgs/share/turtlebot3_msgs/cmake)
[1.064s] -- Configuring done
[1.074s] -- Generating done
[1.077s] -- Build files have been written to: /home/soon/turtlebot3_ws/build/turtlebot3_fake_node
[1.090s] Invoked command in '/home/soon/turtlebot3_ws/build/turtlebot3_fake_node' returned '0': CMAKE_PREFIX_PATH=/home/soon/turtlebot3_ws/install/turtlebot3_msgs:/home/soon/turtlebot3_ws/install/my_nav:/home/soon/turtlebot3_ws/install/nav:/home/soon/turtlebot3_ws/install/turtlebot3_simulations:/home/soon/turtlebot3_ws/install/turtlebot3_fake_node:/home/soon/turtlebot3_ws/install/turtlebot3_manipulation_gazebo:/home/soon/turtlebot3_ws/install/turtlebot3_gazebo:/home/soon/turtlebot3_ws/install/turtlebot3_teleop:/opt/ros/humble /usr/bin/cmake /home/soon/turtlebot3_ws/src/turtlebot3_simulations/turtlebot3_fake_node -DAMENT_CMAKE_SYMLINK_INSTALL=1 -DCMAKE_INSTALL_PREFIX=/home/soon/turtlebot3_ws/install/turtlebot3_fake_node
[1.092s] Invoking command in '/home/soon/turtlebot3_ws/build/turtlebot3_fake_node': CMAKE_PREFIX_PATH=/home/soon/turtlebot3_ws/install/turtlebot3_msgs:/home/soon/turtlebot3_ws/install/my_nav:/home/soon/turtlebot3_ws/install/nav:/home/soon/turtlebot3_ws/install/turtlebot3_simulations:/home/soon/turtlebot3_ws/install/turtlebot3_fake_node:/home/soon/turtlebot3_ws/install/turtlebot3_manipulation_gazebo:/home/soon/turtlebot3_ws/install/turtlebot3_gazebo:/home/soon/turtlebot3_ws/install/turtlebot3_teleop:/opt/ros/humble /usr/bin/cmake --build /home/soon/turtlebot3_ws/build/turtlebot3_fake_node -- -j12 -l12
[1.149s] [ 50%] [32mBuilding CXX object CMakeFiles/turtlebot3_fake_node.dir/src/turtlebot3_fake_node.cpp.o[0m
[6.829s] [100%] [32m[1mLinking CXX executable turtlebot3_fake_node[0m
[7.075s] [100%] Built target turtlebot3_fake_node
[7.084s] Invoked command in '/home/soon/turtlebot3_ws/build/turtlebot3_fake_node' returned '0': CMAKE_PREFIX_PATH=/home/soon/turtlebot3_ws/install/turtlebot3_msgs:/home/soon/turtlebot3_ws/install/my_nav:/home/soon/turtlebot3_ws/install/nav:/home/soon/turtlebot3_ws/install/turtlebot3_simulations:/home/soon/turtlebot3_ws/install/turtlebot3_fake_node:/home/soon/turtlebot3_ws/install/turtlebot3_manipulation_gazebo:/home/soon/turtlebot3_ws/install/turtlebot3_gazebo:/home/soon/turtlebot3_ws/install/turtlebot3_teleop:/opt/ros/humble /usr/bin/cmake --build /home/soon/turtlebot3_ws/build/turtlebot3_fake_node -- -j12 -l12
[7.085s] Invoking command in '/home/soon/turtlebot3_ws/build/turtlebot3_fake_node': CMAKE_PREFIX_PATH=/home/soon/turtlebot3_ws/install/turtlebot3_msgs:/home/soon/turtlebot3_ws/install/my_nav:/home/soon/turtlebot3_ws/install/nav:/home/soon/turtlebot3_ws/install/turtlebot3_simulations:/home/soon/turtlebot3_ws/install/turtlebot3_fake_node:/home/soon/turtlebot3_ws/install/turtlebot3_manipulation_gazebo:/home/soon/turtlebot3_ws/install/turtlebot3_gazebo:/home/soon/turtlebot3_ws/install/turtlebot3_teleop:/opt/ros/humble /usr/bin/cmake --install /home/soon/turtlebot3_ws/build/turtlebot3_fake_node
[7.090s] -- Install configuration: ""
[7.090s] -- Execute custom install script
[7.090s] -- Symlinking: /home/soon/turtlebot3_ws/install/turtlebot3_fake_node/lib/turtlebot3_fake_node/turtlebot3_fake_node
[7.096s] -- Symlinking: /home/soon/turtlebot3_ws/install/turtlebot3_fake_node/share/turtlebot3_fake_node/launch/rviz2.launch.py
[7.101s] -- Symlinking: /home/soon/turtlebot3_ws/install/turtlebot3_fake_node/share/turtlebot3_fake_node/launch/tb3_nav.launch.py
[7.107s] -- Symlinking: /home/soon/turtlebot3_ws/install/turtlebot3_fake_node/share/turtlebot3_fake_node/launch/turtlebot3_fake_node.launch.py
[7.112s] -- Symlinking: /home/soon/turtlebot3_ws/install/turtlebot3_fake_node/share/turtlebot3_fake_node/param/burger.yaml
[7.118s] -- Symlinking: /home/soon/turtlebot3_ws/install/turtlebot3_fake_node/share/turtlebot3_fake_node/param/waffle.yaml
[7.123s] -- Symlinking: /home/soon/turtlebot3_ws/install/turtlebot3_fake_node/share/turtlebot3_fake_node/param/waffle_pi.yaml
[7.128s] -- Symlinking: /home/soon/turtlebot3_ws/install/turtlebot3_fake_node/include//turtlebot3_fake_node/turtlebot3_fake_node.hpp
[7.134s] -- Symlinking: /home/soon/turtlebot3_ws/install/turtlebot3_fake_node/share/ament_index/resource_index/package_run_dependencies/turtlebot3_fake_node
[7.139s] -- Symlinking: /home/soon/turtlebot3_ws/install/turtlebot3_fake_node/share/ament_index/resource_index/parent_prefix_path/turtlebot3_fake_node
[7.144s] -- Symlinking: /home/soon/turtlebot3_ws/install/turtlebot3_fake_node/share/turtlebot3_fake_node/environment/ament_prefix_path.sh
[7.150s] -- Symlinking: /home/soon/turtlebot3_ws/install/turtlebot3_fake_node/share/turtlebot3_fake_node/environment/ament_prefix_path.dsv
[7.155s] -- Symlinking: /home/soon/turtlebot3_ws/install/turtlebot3_fake_node/share/turtlebot3_fake_node/environment/path.sh
[7.161s] -- Symlinking: /home/soon/turtlebot3_ws/install/turtlebot3_fake_node/share/turtlebot3_fake_node/environment/path.dsv
[7.167s] -- Symlinking: /home/soon/turtlebot3_ws/install/turtlebot3_fake_node/share/turtlebot3_fake_node/local_setup.bash
[7.172s] -- Symlinking: /home/soon/turtlebot3_ws/install/turtlebot3_fake_node/share/turtlebot3_fake_node/local_setup.sh
[7.178s] -- Symlinking: /home/soon/turtlebot3_ws/install/turtlebot3_fake_node/share/turtlebot3_fake_node/local_setup.zsh
[7.183s] -- Symlinking: /home/soon/turtlebot3_ws/install/turtlebot3_fake_node/share/turtlebot3_fake_node/local_setup.dsv
[7.189s] -- Symlinking: /home/soon/turtlebot3_ws/install/turtlebot3_fake_node/share/turtlebot3_fake_node/package.dsv
[7.194s] -- Symlinking: /home/soon/turtlebot3_ws/install/turtlebot3_fake_node/share/ament_index/resource_index/packages/turtlebot3_fake_node
[7.199s] -- Symlinking: /home/soon/turtlebot3_ws/install/turtlebot3_fake_node/share/turtlebot3_fake_node/cmake/ament_cmake_export_include_directories-extras.cmake
[7.205s] -- Symlinking: /home/soon/turtlebot3_ws/install/turtlebot3_fake_node/share/turtlebot3_fake_node/cmake/ament_cmake_export_dependencies-extras.cmake
[7.211s] -- Symlinking: /home/soon/turtlebot3_ws/install/turtlebot3_fake_node/share/turtlebot3_fake_node/cmake/turtlebot3_fake_nodeConfig.cmake
[7.217s] -- Symlinking: /home/soon/turtlebot3_ws/install/turtlebot3_fake_node/share/turtlebot3_fake_node/cmake/turtlebot3_fake_nodeConfig-version.cmake
[7.223s] -- Symlinking: /home/soon/turtlebot3_ws/install/turtlebot3_fake_node/share/turtlebot3_fake_node/package.xml
[7.230s] Invoked command in '/home/soon/turtlebot3_ws/build/turtlebot3_fake_node' returned '0': CMAKE_PREFIX_PATH=/home/soon/turtlebot3_ws/install/turtlebot3_msgs:/home/soon/turtlebot3_ws/install/my_nav:/home/soon/turtlebot3_ws/install/nav:/home/soon/turtlebot3_ws/install/turtlebot3_simulations:/home/soon/turtlebot3_ws/install/turtlebot3_fake_node:/home/soon/turtlebot3_ws/install/turtlebot3_manipulation_gazebo:/home/soon/turtlebot3_ws/install/turtlebot3_gazebo:/home/soon/turtlebot3_ws/install/turtlebot3_teleop:/opt/ros/humble /usr/bin/cmake --install /home/soon/turtlebot3_ws/build/turtlebot3_fake_node
