running develop
running egg_info
creating my_nav.egg-info
writing my_nav.egg-info/PKG-INFO
writing dependency_links to my_nav.egg-info/dependency_links.txt
writing entry points to my_nav.egg-info/entry_points.txt
writing requirements to my_nav.egg-info/requires.txt
writing top-level names to my_nav.egg-info/top_level.txt
writing manifest file 'my_nav.egg-info/SOURCES.txt'
reading manifest file 'my_nav.egg-info/SOURCES.txt'
writing manifest file 'my_nav.egg-info/SOURCES.txt'
running build_ext
Creating /home/soon/turtlebot3_ws/install/my_nav/lib/python3.10/site-packages/my-nav.egg-link (link to .)
Installing costmap script to /home/soon/turtlebot3_ws/install/my_nav/lib/my_nav
Installing planner script to /home/soon/turtlebot3_ws/install/my_nav/lib/my_nav
Installing tracker script to /home/soon/turtlebot3_ws/install/my_nav/lib/my_nav

Installed /home/soon/turtlebot3_ws/build/my_nav
running symlink_data
creating /home/soon/turtlebot3_ws/install/my_nav/share/ament_index
creating /home/soon/turtlebot3_ws/install/my_nav/share/ament_index/resource_index
creating /home/soon/turtlebot3_ws/install/my_nav/share/ament_index/resource_index/packages
symbolically linking /home/soon/turtlebot3_ws/build/my_nav/resource/my_nav -> /home/soon/turtlebot3_ws/install/my_nav/share/ament_index/resource_index/packages
symbolically linking /home/soon/turtlebot3_ws/build/my_nav/package.xml -> /home/soon/turtlebot3_ws/install/my_nav/share/my_nav
creating /home/soon/turtlebot3_ws/install/my_nav/share/my_nav/launch
symbolically linking /home/soon/turtlebot3_ws/build/my_nav/launch/planner.launch.py -> /home/soon/turtlebot3_ws/install/my_nav/share/my_nav/launch
symbolically linking /home/soon/turtlebot3_ws/build/my_nav/launch/costmap.launch.py -> /home/soon/turtlebot3_ws/install/my_nav/share/my_nav/launch
symbolically linking /home/soon/turtlebot3_ws/build/my_nav/launch/my_nav.launch.py -> /home/soon/turtlebot3_ws/install/my_nav/share/my_nav/launch
symbolically linking /home/soon/turtlebot3_ws/build/my_nav/launch/tracker.launch.py -> /home/soon/turtlebot3_ws/install/my_nav/share/my_nav/launch
