[0.556s] Invoking command in '/home/soon/turtlebot3_ws/build/my_nav': PYTHONPATH=/home/soon/turtlebot3_ws/build/my_nav/prefix_override:/usr/lib/python3/dist-packages/colcon_core/task/python/colcon_distutils_commands:/home/soon/turtlebot3_ws/install/my_nav/lib/python3.10/site-packages:${PYTHONPATH} /usr/bin/python3 -W ignore:setup.py install is deprecated -W ignore:easy_install command is deprecated setup.py develop --editable --build-directory /home/soon/turtlebot3_ws/build/my_nav/build --no-deps symlink_data
[0.709s] running develop
[0.816s] running egg_info
[0.816s] creating my_nav.egg-info
[0.819s] writing my_nav.egg-info/PKG-INFO
[0.819s] writing dependency_links to my_nav.egg-info/dependency_links.txt
[0.820s] writing entry points to my_nav.egg-info/entry_points.txt
[0.820s] writing requirements to my_nav.egg-info/requires.txt
[0.820s] writing top-level names to my_nav.egg-info/top_level.txt
[0.820s] writing manifest file 'my_nav.egg-info/SOURCES.txt'
[0.821s] reading manifest file 'my_nav.egg-info/SOURCES.txt'
[0.821s] writing manifest file 'my_nav.egg-info/SOURCES.txt'
[0.822s] running build_ext
[0.822s] Creating /home/soon/turtlebot3_ws/install/my_nav/lib/python3.10/site-packages/my-nav.egg-link (link to .)
[0.822s] Installing costmap script to /home/soon/turtlebot3_ws/install/my_nav/lib/my_nav
[0.822s] Installing planner script to /home/soon/turtlebot3_ws/install/my_nav/lib/my_nav
[0.823s] Installing tracker script to /home/soon/turtlebot3_ws/install/my_nav/lib/my_nav
[0.823s] 
[0.823s] Installed /home/soon/turtlebot3_ws/build/my_nav
[0.823s] running symlink_data
[0.823s] creating /home/soon/turtlebot3_ws/install/my_nav/share/ament_index
[0.823s] creating /home/soon/turtlebot3_ws/install/my_nav/share/ament_index/resource_index
[0.823s] creating /home/soon/turtlebot3_ws/install/my_nav/share/ament_index/resource_index/packages
[0.823s] symbolically linking /home/soon/turtlebot3_ws/build/my_nav/resource/my_nav -> /home/soon/turtlebot3_ws/install/my_nav/share/ament_index/resource_index/packages
[0.823s] symbolically linking /home/soon/turtlebot3_ws/build/my_nav/package.xml -> /home/soon/turtlebot3_ws/install/my_nav/share/my_nav
[0.823s] creating /home/soon/turtlebot3_ws/install/my_nav/share/my_nav/launch
[0.823s] symbolically linking /home/soon/turtlebot3_ws/build/my_nav/launch/planner.launch.py -> /home/soon/turtlebot3_ws/install/my_nav/share/my_nav/launch
[0.823s] symbolically linking /home/soon/turtlebot3_ws/build/my_nav/launch/costmap.launch.py -> /home/soon/turtlebot3_ws/install/my_nav/share/my_nav/launch
[0.823s] symbolically linking /home/soon/turtlebot3_ws/build/my_nav/launch/my_nav.launch.py -> /home/soon/turtlebot3_ws/install/my_nav/share/my_nav/launch
[0.823s] symbolically linking /home/soon/turtlebot3_ws/build/my_nav/launch/tracker.launch.py -> /home/soon/turtlebot3_ws/install/my_nav/share/my_nav/launch
[0.841s] Invoked command in '/home/soon/turtlebot3_ws/build/my_nav' returned '0': PYTHONPATH=/home/soon/turtlebot3_ws/build/my_nav/prefix_override:/usr/lib/python3/dist-packages/colcon_core/task/python/colcon_distutils_commands:/home/soon/turtlebot3_ws/install/my_nav/lib/python3.10/site-packages:${PYTHONPATH} /usr/bin/python3 -W ignore:setup.py install is deprecated -W ignore:easy_install command is deprecated setup.py develop --editable --build-directory /home/soon/turtlebot3_ws/build/my_nav/build --no-deps symlink_data
