[0.008s] Invoking command in '/home/soon/turtlebot3_ws/build/turtlebot3_fake_node': CMAKE_PREFIX_PATH=/home/soon/turtlebot3_ws/install/turtlebot3_msgs:/home/soon/turtlebot3_ws/install/turtlebot3_simulations:/home/soon/turtlebot3_ws/install/turtlebot3_fake_node:/home/soon/turtlebot3_ws/install/turtlebot3_manipulation_gazebo:/home/soon/turtlebot3_ws/install/turtlebot3_gazebo:/home/soon/turtlebot3_ws/install/turtlebot3_description:/home/soon/turtlebot3_ws/install/turtlebot3_cartographer:/home/soon/turtlebot3_ws/install/turtlebot3_teleop:/home/soon/turtlebot3_ws/install/my_nav:/opt/ros/humble /usr/bin/cmake /home/soon/turtlebot3_ws/src/turtlebot3_simulations/turtlebot3_fake_node -DAMENT_CMAKE_SYMLINK_INSTALL=1 -DCMAKE_INSTALL_PREFIX=/home/soon/turtlebot3_ws/install/turtlebot3_fake_node
[0.056s] -- The C compiler identification is GNU 11.4.0
[0.102s] -- The CXX compiler identification is GNU 11.4.0
[0.108s] -- Detecting C compiler ABI info
[0.169s] -- Detecting C compiler ABI info - done
[0.174s] -- Check for working C compiler: /usr/bin/cc - skipped
[0.174s] -- Detecting C compile features
[0.174s] -- Detecting C compile features - done
[0.176s] -- Detecting CXX compiler ABI info
[0.244s] -- Detecting CXX compiler ABI info - done
[0.249s] -- Check for working CXX compiler: /usr/bin/c++ - skipped
[0.249s] -- Detecting CXX compile features
[0.250s] -- Detecting CXX compile features - done
[0.252s] -- Found ament_cmake: 1.3.11 (/opt/ros/humble/share/ament_cmake/cmake)
[0.372s] -- Found Python3: /usr/bin/python3 (found version "3.10.12") found components: Interpreter 
[0.422s] -- Override CMake install command with custom implementation using symlinks instead of copying resources
[0.450s] -- Found geometry_msgs: 4.9.0 (/opt/ros/humble/share/geometry_msgs/cmake)
[0.483s] -- Found rosidl_generator_c: 3.1.6 (/opt/ros/humble/share/rosidl_generator_c/cmake)
[0.487s] -- Found rosidl_adapter: 3.1.6 (/opt/ros/humble/share/rosidl_adapter/cmake)
[0.494s] -- Found rosidl_generator_cpp: 3.1.6 (/opt/ros/humble/share/rosidl_generator_cpp/cmake)
[0.504s] -- Using all available rosidl_typesupport_c: rosidl_typesupport_fastrtps_c;rosidl_typesupport_introspection_c
[0.517s] -- Using all available rosidl_typesupport_cpp: rosidl_typesupport_fastrtps_cpp;rosidl_typesupport_introspection_cpp
[0.546s] -- Found nav_msgs: 4.9.0 (/opt/ros/humble/share/nav_msgs/cmake)
[0.559s] -- Found rclcpp: 16.0.12 (/opt/ros/humble/share/rclcpp/cmake)
[0.590s] -- Found rmw_implementation_cmake: 6.1.2 (/opt/ros/humble/share/rmw_implementation_cmake/cmake)
[0.593s] -- Found rmw_fastrtps_cpp: 6.2.7 (/opt/ros/humble/share/rmw_fastrtps_cpp/cmake)
[0.664s] -- Found OpenSSL: /usr/lib/x86_64-linux-gnu/libcrypto.so (found version "3.0.2")  
[0.689s] -- Found FastRTPS: /opt/ros/humble/include  
[0.726s] -- Using RMW implementation 'rmw_fastrtps_cpp' as default
[0.735s] -- Looking for pthread.h
[0.803s] -- Looking for pthread.h - found
[0.803s] -- Performing Test CMAKE_HAVE_LIBC_PTHREAD
[0.870s] -- Performing Test CMAKE_HAVE_LIBC_PTHREAD - Success
[0.871s] -- Found Threads: TRUE  
[0.900s] -- Found sensor_msgs: 4.9.0 (/opt/ros/humble/share/sensor_msgs/cmake)
[0.910s] -- Found tf2: 0.25.13 (/opt/ros/humble/share/tf2/cmake)
[0.918s] -- Found tf2_msgs: 0.25.13 (/opt/ros/humble/share/tf2_msgs/cmake)
[0.941s] -- Found turtlebot3_msgs: 2.4.0 (/home/soon/turtlebot3_ws/install/turtlebot3_msgs/share/turtlebot3_msgs/cmake)
[0.996s] -- Configuring done
[1.004s] -- Generating done
[1.007s] -- Build files have been written to: /home/soon/turtlebot3_ws/build/turtlebot3_fake_node
[1.014s] Invoked command in '/home/soon/turtlebot3_ws/build/turtlebot3_fake_node' returned '0': CMAKE_PREFIX_PATH=/home/soon/turtlebot3_ws/install/turtlebot3_msgs:/home/soon/turtlebot3_ws/install/turtlebot3_simulations:/home/soon/turtlebot3_ws/install/turtlebot3_fake_node:/home/soon/turtlebot3_ws/install/turtlebot3_manipulation_gazebo:/home/soon/turtlebot3_ws/install/turtlebot3_gazebo:/home/soon/turtlebot3_ws/install/turtlebot3_description:/home/soon/turtlebot3_ws/install/turtlebot3_cartographer:/home/soon/turtlebot3_ws/install/turtlebot3_teleop:/home/soon/turtlebot3_ws/install/my_nav:/opt/ros/humble /usr/bin/cmake /home/soon/turtlebot3_ws/src/turtlebot3_simulations/turtlebot3_fake_node -DAMENT_CMAKE_SYMLINK_INSTALL=1 -DCMAKE_INSTALL_PREFIX=/home/soon/turtlebot3_ws/install/turtlebot3_fake_node
[1.016s] Invoking command in '/home/soon/turtlebot3_ws/build/turtlebot3_fake_node': CMAKE_PREFIX_PATH=/home/soon/turtlebot3_ws/install/turtlebot3_msgs:/home/soon/turtlebot3_ws/install/turtlebot3_simulations:/home/soon/turtlebot3_ws/install/turtlebot3_fake_node:/home/soon/turtlebot3_ws/install/turtlebot3_manipulation_gazebo:/home/soon/turtlebot3_ws/install/turtlebot3_gazebo:/home/soon/turtlebot3_ws/install/turtlebot3_description:/home/soon/turtlebot3_ws/install/turtlebot3_cartographer:/home/soon/turtlebot3_ws/install/turtlebot3_teleop:/home/soon/turtlebot3_ws/install/my_nav:/opt/ros/humble /usr/bin/cmake --build /home/soon/turtlebot3_ws/build/turtlebot3_fake_node -- -j12 -l12
[1.053s] [ 50%] [32mBuilding CXX object CMakeFiles/turtlebot3_fake_node.dir/src/turtlebot3_fake_node.cpp.o[0m
[6.155s] [100%] [32m[1mLinking CXX executable turtlebot3_fake_node[0m
[6.400s] [100%] Built target turtlebot3_fake_node
[6.407s] Invoked command in '/home/soon/turtlebot3_ws/build/turtlebot3_fake_node' returned '0': CMAKE_PREFIX_PATH=/home/soon/turtlebot3_ws/install/turtlebot3_msgs:/home/soon/turtlebot3_ws/install/turtlebot3_simulations:/home/soon/turtlebot3_ws/install/turtlebot3_fake_node:/home/soon/turtlebot3_ws/install/turtlebot3_manipulation_gazebo:/home/soon/turtlebot3_ws/install/turtlebot3_gazebo:/home/soon/turtlebot3_ws/install/turtlebot3_description:/home/soon/turtlebot3_ws/install/turtlebot3_cartographer:/home/soon/turtlebot3_ws/install/turtlebot3_teleop:/home/soon/turtlebot3_ws/install/my_nav:/opt/ros/humble /usr/bin/cmake --build /home/soon/turtlebot3_ws/build/turtlebot3_fake_node -- -j12 -l12
[6.408s] Invoking command in '/home/soon/turtlebot3_ws/build/turtlebot3_fake_node': CMAKE_PREFIX_PATH=/home/soon/turtlebot3_ws/install/turtlebot3_msgs:/home/soon/turtlebot3_ws/install/turtlebot3_simulations:/home/soon/turtlebot3_ws/install/turtlebot3_fake_node:/home/soon/turtlebot3_ws/install/turtlebot3_manipulation_gazebo:/home/soon/turtlebot3_ws/install/turtlebot3_gazebo:/home/soon/turtlebot3_ws/install/turtlebot3_description:/home/soon/turtlebot3_ws/install/turtlebot3_cartographer:/home/soon/turtlebot3_ws/install/turtlebot3_teleop:/home/soon/turtlebot3_ws/install/my_nav:/opt/ros/humble /usr/bin/cmake --install /home/soon/turtlebot3_ws/build/turtlebot3_fake_node
[6.412s] -- Install configuration: ""
[6.413s] -- Execute custom install script
[6.413s] -- Symlinking: /home/soon/turtlebot3_ws/install/turtlebot3_fake_node/lib/turtlebot3_fake_node/turtlebot3_fake_node
[6.418s] -- Symlinking: /home/soon/turtlebot3_ws/install/turtlebot3_fake_node/share/turtlebot3_fake_node/launch/rviz2.launch.py
[6.423s] -- Symlinking: /home/soon/turtlebot3_ws/install/turtlebot3_fake_node/share/turtlebot3_fake_node/launch/tb3_nav.launch.py
[6.428s] -- Symlinking: /home/soon/turtlebot3_ws/install/turtlebot3_fake_node/share/turtlebot3_fake_node/launch/turtlebot3_fake_node.launch.py
[6.434s] -- Symlinking: /home/soon/turtlebot3_ws/install/turtlebot3_fake_node/share/turtlebot3_fake_node/param/burger.yaml
[6.439s] -- Symlinking: /home/soon/turtlebot3_ws/install/turtlebot3_fake_node/share/turtlebot3_fake_node/param/waffle.yaml
[6.445s] -- Symlinking: /home/soon/turtlebot3_ws/install/turtlebot3_fake_node/share/turtlebot3_fake_node/param/waffle_pi.yaml
[6.451s] -- Symlinking: /home/soon/turtlebot3_ws/install/turtlebot3_fake_node/include//turtlebot3_fake_node/turtlebot3_fake_node.hpp
[6.456s] -- Symlinking: /home/soon/turtlebot3_ws/install/turtlebot3_fake_node/share/ament_index/resource_index/package_run_dependencies/turtlebot3_fake_node
[6.461s] -- Symlinking: /home/soon/turtlebot3_ws/install/turtlebot3_fake_node/share/ament_index/resource_index/parent_prefix_path/turtlebot3_fake_node
[6.466s] -- Symlinking: /home/soon/turtlebot3_ws/install/turtlebot3_fake_node/share/turtlebot3_fake_node/environment/ament_prefix_path.sh
[6.472s] -- Symlinking: /home/soon/turtlebot3_ws/install/turtlebot3_fake_node/share/turtlebot3_fake_node/environment/ament_prefix_path.dsv
[6.477s] -- Symlinking: /home/soon/turtlebot3_ws/install/turtlebot3_fake_node/share/turtlebot3_fake_node/environment/path.sh
[6.482s] -- Symlinking: /home/soon/turtlebot3_ws/install/turtlebot3_fake_node/share/turtlebot3_fake_node/environment/path.dsv
[6.488s] -- Symlinking: /home/soon/turtlebot3_ws/install/turtlebot3_fake_node/share/turtlebot3_fake_node/local_setup.bash
[6.493s] -- Symlinking: /home/soon/turtlebot3_ws/install/turtlebot3_fake_node/share/turtlebot3_fake_node/local_setup.sh
[6.499s] -- Symlinking: /home/soon/turtlebot3_ws/install/turtlebot3_fake_node/share/turtlebot3_fake_node/local_setup.zsh
[6.504s] -- Symlinking: /home/soon/turtlebot3_ws/install/turtlebot3_fake_node/share/turtlebot3_fake_node/local_setup.dsv
[6.509s] -- Symlinking: /home/soon/turtlebot3_ws/install/turtlebot3_fake_node/share/turtlebot3_fake_node/package.dsv
[6.515s] -- Symlinking: /home/soon/turtlebot3_ws/install/turtlebot3_fake_node/share/ament_index/resource_index/packages/turtlebot3_fake_node
[6.520s] -- Symlinking: /home/soon/turtlebot3_ws/install/turtlebot3_fake_node/share/turtlebot3_fake_node/cmake/ament_cmake_export_include_directories-extras.cmake
[6.525s] -- Symlinking: /home/soon/turtlebot3_ws/install/turtlebot3_fake_node/share/turtlebot3_fake_node/cmake/ament_cmake_export_dependencies-extras.cmake
[6.531s] -- Symlinking: /home/soon/turtlebot3_ws/install/turtlebot3_fake_node/share/turtlebot3_fake_node/cmake/turtlebot3_fake_nodeConfig.cmake
[6.536s] -- Symlinking: /home/soon/turtlebot3_ws/install/turtlebot3_fake_node/share/turtlebot3_fake_node/cmake/turtlebot3_fake_nodeConfig-version.cmake
[6.541s] -- Symlinking: /home/soon/turtlebot3_ws/install/turtlebot3_fake_node/share/turtlebot3_fake_node/package.xml
[6.548s] Invoked command in '/home/soon/turtlebot3_ws/build/turtlebot3_fake_node' returned '0': CMAKE_PREFIX_PATH=/home/soon/turtlebot3_ws/install/turtlebot3_msgs:/home/soon/turtlebot3_ws/install/turtlebot3_simulations:/home/soon/turtlebot3_ws/install/turtlebot3_fake_node:/home/soon/turtlebot3_ws/install/turtlebot3_manipulation_gazebo:/home/soon/turtlebot3_ws/install/turtlebot3_gazebo:/home/soon/turtlebot3_ws/install/turtlebot3_description:/home/soon/turtlebot3_ws/install/turtlebot3_cartographer:/home/soon/turtlebot3_ws/install/turtlebot3_teleop:/home/soon/turtlebot3_ws/install/my_nav:/opt/ros/humble /usr/bin/cmake --install /home/soon/turtlebot3_ws/build/turtlebot3_fake_node
