[0.190s] Invoking command in '/home/soon/turtlebot3_ws/build/turtlebot3_cartographer': CMAKE_PREFIX_PATH=${CMAKE_PREFIX_PATH}:/home/soon/turtlebot3_ws/install/turtlebot3_teleop:/home/soon/turtlebot3_ws/install/my_nav:/opt/ros/humble /usr/bin/cmake --build /home/soon/turtlebot3_ws/build/turtlebot3_cartographer -- -j12 -l12
[0.364s] Invoked command in '/home/soon/turtlebot3_ws/build/turtlebot3_cartographer' returned '0': CMAKE_PREFIX_PATH=${CMAKE_PREFIX_PATH}:/home/soon/turtlebot3_ws/install/turtlebot3_teleop:/home/soon/turtlebot3_ws/install/my_nav:/opt/ros/humble /usr/bin/cmake --build /home/soon/turtlebot3_ws/build/turtlebot3_cartographer -- -j12 -l12
[0.365s] Invoking command in '/home/soon/turtlebot3_ws/build/turtlebot3_cartographer': CMAKE_PREFIX_PATH=${CMAKE_PREFIX_PATH}:/home/soon/turtlebot3_ws/install/turtlebot3_teleop:/home/soon/turtlebot3_ws/install/my_nav:/opt/ros/humble /usr/bin/cmake --install /home/soon/turtlebot3_ws/build/turtlebot3_cartographer
[0.373s] -- Install configuration: ""
[0.373s] -- Execute custom install script
[0.374s] -- Up-to-date symlink: /home/soon/turtlebot3_ws/install/turtlebot3_cartographer/share/turtlebot3_cartographer/config/turtlebot3_lds_2d.lua
[0.375s] -- Up-to-date symlink: /home/soon/turtlebot3_ws/install/turtlebot3_cartographer/share/turtlebot3_cartographer/launch/cartographer.launch.py
[0.375s] -- Up-to-date symlink: /home/soon/turtlebot3_ws/install/turtlebot3_cartographer/share/turtlebot3_cartographer/launch/occupancy_grid.launch.py
[0.375s] -- Up-to-date symlink: /home/soon/turtlebot3_ws/install/turtlebot3_cartographer/share/turtlebot3_cartographer/rviz/tb3_cartographer.rviz
[0.375s] -- Up-to-date symlink: /home/soon/turtlebot3_ws/install/turtlebot3_cartographer/share/ament_index/resource_index/package_run_dependencies/turtlebot3_cartographer
[0.375s] -- Up-to-date symlink: /home/soon/turtlebot3_ws/install/turtlebot3_cartographer/share/ament_index/resource_index/parent_prefix_path/turtlebot3_cartographer
[0.375s] -- Up-to-date symlink: /home/soon/turtlebot3_ws/install/turtlebot3_cartographer/share/turtlebot3_cartographer/environment/ament_prefix_path.sh
[0.375s] -- Up-to-date symlink: /home/soon/turtlebot3_ws/install/turtlebot3_cartographer/share/turtlebot3_cartographer/environment/ament_prefix_path.dsv
[0.376s] -- Up-to-date symlink: /home/soon/turtlebot3_ws/install/turtlebot3_cartographer/share/turtlebot3_cartographer/environment/path.sh
[0.376s] -- Up-to-date symlink: /home/soon/turtlebot3_ws/install/turtlebot3_cartographer/share/turtlebot3_cartographer/environment/path.dsv
[0.376s] -- Up-to-date symlink: /home/soon/turtlebot3_ws/install/turtlebot3_cartographer/share/turtlebot3_cartographer/local_setup.bash
[0.376s] -- Up-to-date symlink: /home/soon/turtlebot3_ws/install/turtlebot3_cartographer/share/turtlebot3_cartographer/local_setup.sh
[0.376s] -- Up-to-date symlink: /home/soon/turtlebot3_ws/install/turtlebot3_cartographer/share/turtlebot3_cartographer/local_setup.zsh
[0.376s] -- Up-to-date symlink: /home/soon/turtlebot3_ws/install/turtlebot3_cartographer/share/turtlebot3_cartographer/local_setup.dsv
[0.377s] -- Symlinking: /home/soon/turtlebot3_ws/install/turtlebot3_cartographer/share/turtlebot3_cartographer/package.dsv
[0.387s] -- Up-to-date symlink: /home/soon/turtlebot3_ws/install/turtlebot3_cartographer/share/ament_index/resource_index/packages/turtlebot3_cartographer
[0.387s] -- Up-to-date symlink: /home/soon/turtlebot3_ws/install/turtlebot3_cartographer/share/turtlebot3_cartographer/cmake/turtlebot3_cartographerConfig.cmake
[0.387s] -- Up-to-date symlink: /home/soon/turtlebot3_ws/install/turtlebot3_cartographer/share/turtlebot3_cartographer/cmake/turtlebot3_cartographerConfig-version.cmake
[0.387s] -- Up-to-date symlink: /home/soon/turtlebot3_ws/install/turtlebot3_cartographer/share/turtlebot3_cartographer/package.xml
[0.403s] Invoked command in '/home/soon/turtlebot3_ws/build/turtlebot3_cartographer' returned '0': CMAKE_PREFIX_PATH=${CMAKE_PREFIX_PATH}:/home/soon/turtlebot3_ws/install/turtlebot3_teleop:/home/soon/turtlebot3_ws/install/my_nav:/opt/ros/humble /usr/bin/cmake --install /home/soon/turtlebot3_ws/build/turtlebot3_cartographer
