[35m[1mConsolidate compiler generated dependencies of target turtlebot3_msgs__rosidl_generator_c[0m
[  1%] Built target turtlebot3_msgs__cpp
[ 12%] Built target turtlebot3_msgs__rosidl_generator_c
[ 12%] Built target ament_cmake_python_symlink_turtlebot3_msgs
[35m[1mConsolidate compiler generated dependencies of target turtlebot3_msgs__rosidl_typesupport_cpp[0m
[35m[1mConsolidate compiler generated dependencies of target turtlebot3_msgs__rosidl_typesupport_introspection_cpp[0m
[35m[1mConsolidate compiler generated dependencies of target turtlebot3_msgs__rosidl_typesupport_fastrtps_cpp[0m
[35m[1mConsolidate compiler generated dependencies of target turtlebot3_msgs__rosidl_typesupport_introspection_c[0m
[35m[1mConsolidate compiler generated dependencies of target turtlebot3_msgs__rosidl_typesupport_fastrtps_c[0m
[35m[1mConsolidate compiler generated dependencies of target turtlebot3_msgs__rosidl_typesupport_c[0m
[ 29%] Built target turtlebot3_msgs__rosidl_typesupport_introspection_cpp
[ 35%] Built target turtlebot3_msgs__rosidl_typesupport_cpp
[ 46%] Built target turtlebot3_msgs__rosidl_typesupport_c
[ 58%] Built target turtlebot3_msgs__rosidl_typesupport_introspection_c
[ 69%] Built target turtlebot3_msgs__rosidl_typesupport_fastrtps_cpp
[ 81%] Built target turtlebot3_msgs__rosidl_typesupport_fastrtps_c
[ 81%] Built target turtlebot3_msgs
[ 82%] Built target turtlebot3_msgs__py
[35m[1mConsolidate compiler generated dependencies of target turtlebot3_msgs__rosidl_generator_py[0m
[ 92%] Built target turtlebot3_msgs__rosidl_generator_py
[35m[1mConsolidate compiler generated dependencies of target turtlebot3_msgs__rosidl_typesupport_fastrtps_c__pyext[0m
[35m[1mConsolidate compiler generated dependencies of target turtlebot3_msgs__rosidl_typesupport_c__pyext[0m
[35m[1mConsolidate compiler generated dependencies of target turtlebot3_msgs__rosidl_typesupport_introspection_c__pyext[0m
[100%] Built target turtlebot3_msgs__rosidl_typesupport_introspection_c__pyext
[100%] Built target turtlebot3_msgs__rosidl_typesupport_fastrtps_c__pyext
[100%] Built target turtlebot3_msgs__rosidl_typesupport_c__pyext
running egg_info
writing turtlebot3_msgs.egg-info/PKG-INFO
writing dependency_links to turtlebot3_msgs.egg-info/dependency_links.txt
writing top-level names to turtlebot3_msgs.egg-info/top_level.txt
reading manifest file 'turtlebot3_msgs.egg-info/SOURCES.txt'
writing manifest file 'turtlebot3_msgs.egg-info/SOURCES.txt'
[100%] Built target ament_cmake_python_build_turtlebot3_msgs_egg
