[0.016s] Invoking command in '/home/soon/turtlebot3_ws/build/turtlebot3_msgs': CMAKE_PREFIX_PATH=${CMAKE_PREFIX_PATH}:/home/soon/turtlebot3_ws/install/turtlebot3_teleop:/opt/ros/humble /usr/bin/cmake --build /home/soon/turtlebot3_ws/build/turtlebot3_msgs -- -j12 -l12
[0.213s] [35m[1mConsolidate compiler generated dependencies of target turtlebot3_msgs__rosidl_generator_c[0m
[0.213s] [  1%] Built target turtlebot3_msgs__cpp
[0.213s] [ 12%] Built target turtlebot3_msgs__rosidl_generator_c
[0.213s] [ 12%] Built target ament_cmake_python_symlink_turtlebot3_msgs
[0.213s] [35m[1mConsolidate compiler generated dependencies of target turtlebot3_msgs__rosidl_typesupport_cpp[0m
[0.213s] [35m[1mConsolidate compiler generated dependencies of target turtlebot3_msgs__rosidl_typesupport_introspection_cpp[0m
[0.213s] [35m[1mConsolidate compiler generated dependencies of target turtlebot3_msgs__rosidl_typesupport_fastrtps_cpp[0m
[0.213s] [35m[1mConsolidate compiler generated dependencies of target turtlebot3_msgs__rosidl_typesupport_introspection_c[0m
[0.213s] [35m[1mConsolidate compiler generated dependencies of target turtlebot3_msgs__rosidl_typesupport_fastrtps_c[0m
[0.213s] [35m[1mConsolidate compiler generated dependencies of target turtlebot3_msgs__rosidl_typesupport_c[0m
[0.213s] [ 29%] Built target turtlebot3_msgs__rosidl_typesupport_introspection_cpp
[0.213s] [ 35%] Built target turtlebot3_msgs__rosidl_typesupport_cpp
[0.213s] [ 46%] Built target turtlebot3_msgs__rosidl_typesupport_c
[0.213s] [ 58%] Built target turtlebot3_msgs__rosidl_typesupport_introspection_c
[0.213s] [ 69%] Built target turtlebot3_msgs__rosidl_typesupport_fastrtps_cpp
[0.213s] [ 81%] Built target turtlebot3_msgs__rosidl_typesupport_fastrtps_c
[0.213s] [ 81%] Built target turtlebot3_msgs
[0.213s] [ 82%] Built target turtlebot3_msgs__py
[0.214s] [35m[1mConsolidate compiler generated dependencies of target turtlebot3_msgs__rosidl_generator_py[0m
[0.214s] [ 92%] Built target turtlebot3_msgs__rosidl_generator_py
[0.214s] [35m[1mConsolidate compiler generated dependencies of target turtlebot3_msgs__rosidl_typesupport_fastrtps_c__pyext[0m
[0.214s] [35m[1mConsolidate compiler generated dependencies of target turtlebot3_msgs__rosidl_typesupport_c__pyext[0m
[0.214s] [35m[1mConsolidate compiler generated dependencies of target turtlebot3_msgs__rosidl_typesupport_introspection_c__pyext[0m
[0.214s] [100%] Built target turtlebot3_msgs__rosidl_typesupport_introspection_c__pyext
[0.214s] [100%] Built target turtlebot3_msgs__rosidl_typesupport_fastrtps_c__pyext
[0.214s] [100%] Built target turtlebot3_msgs__rosidl_typesupport_c__pyext
[0.214s] running egg_info
[0.214s] writing turtlebot3_msgs.egg-info/PKG-INFO
[0.214s] writing dependency_links to turtlebot3_msgs.egg-info/dependency_links.txt
[0.214s] writing top-level names to turtlebot3_msgs.egg-info/top_level.txt
[0.214s] reading manifest file 'turtlebot3_msgs.egg-info/SOURCES.txt'
[0.215s] writing manifest file 'turtlebot3_msgs.egg-info/SOURCES.txt'
[0.232s] [100%] Built target ament_cmake_python_build_turtlebot3_msgs_egg
