running develop
Removing /home/soon/turtlebot3_ws/install/my_nav/lib/python3.10/site-packages/my-nav.egg-link (link to .)
running egg_info
writing ../../build/my_nav/my_nav.egg-info/PKG-INFO
writing dependency_links to ../../build/my_nav/my_nav.egg-info/dependency_links.txt
writing entry points to ../../build/my_nav/my_nav.egg-info/entry_points.txt
writing requirements to ../../build/my_nav/my_nav.egg-info/requires.txt
writing top-level names to ../../build/my_nav/my_nav.egg-info/top_level.txt
reading manifest file '../../build/my_nav/my_nav.egg-info/SOURCES.txt'
adding license file 'LICENSE'
writing manifest file '../../build/my_nav/my_nav.egg-info/SOURCES.txt'
running build
running build_py
creating /home/soon/turtlebot3_ws/build/my_nav/build
creating /home/soon/turtlebot3_ws/build/my_nav/build/lib
creating /home/soon/turtlebot3_ws/build/my_nav/build/lib/my_nav
copying my_nav/tracker.py -> /home/soon/turtlebot3_ws/build/my_nav/build/lib/my_nav
copying my_nav/planner.py -> /home/soon/turtlebot3_ws/build/my_nav/build/lib/my_nav
copying my_nav/costmap.py -> /home/soon/turtlebot3_ws/build/my_nav/build/lib/my_nav
copying my_nav/__init__.py -> /home/soon/turtlebot3_ws/build/my_nav/build/lib/my_nav
running install
running install_lib
creating /home/soon/turtlebot3_ws/install/my_nav/lib/python3.10/site-packages/my_nav
copying /home/soon/turtlebot3_ws/build/my_nav/build/lib/my_nav/tracker.py -> /home/soon/turtlebot3_ws/install/my_nav/lib/python3.10/site-packages/my_nav
copying /home/soon/turtlebot3_ws/build/my_nav/build/lib/my_nav/planner.py -> /home/soon/turtlebot3_ws/install/my_nav/lib/python3.10/site-packages/my_nav
copying /home/soon/turtlebot3_ws/build/my_nav/build/lib/my_nav/costmap.py -> /home/soon/turtlebot3_ws/install/my_nav/lib/python3.10/site-packages/my_nav
copying /home/soon/turtlebot3_ws/build/my_nav/build/lib/my_nav/__init__.py -> /home/soon/turtlebot3_ws/install/my_nav/lib/python3.10/site-packages/my_nav
byte-compiling /home/soon/turtlebot3_ws/install/my_nav/lib/python3.10/site-packages/my_nav/tracker.py to tracker.cpython-310.pyc
byte-compiling /home/soon/turtlebot3_ws/install/my_nav/lib/python3.10/site-packages/my_nav/planner.py to planner.cpython-310.pyc
byte-compiling /home/soon/turtlebot3_ws/install/my_nav/lib/python3.10/site-packages/my_nav/costmap.py to costmap.cpython-310.pyc
byte-compiling /home/soon/turtlebot3_ws/install/my_nav/lib/python3.10/site-packages/my_nav/__init__.py to __init__.cpython-310.pyc
running install_data
copying resource/my_nav -> /home/soon/turtlebot3_ws/install/my_nav/share/ament_index/resource_index/packages
copying package.xml -> /home/soon/turtlebot3_ws/install/my_nav/share/my_nav
copying launch/costmap.launch.py -> /home/soon/turtlebot3_ws/install/my_nav/share/my_nav/launch
copying launch/my_nav.launch.py -> /home/soon/turtlebot3_ws/install/my_nav/share/my_nav/launch
copying launch/tracker.launch.py -> /home/soon/turtlebot3_ws/install/my_nav/share/my_nav/launch
running install_egg_info
Copying ../../build/my_nav/my_nav.egg-info to /home/soon/turtlebot3_ws/install/my_nav/lib/python3.10/site-packages/my_nav-0.0.0-py3.10.egg-info
running install_scripts
Installing costmap script to /home/soon/turtlebot3_ws/install/my_nav/lib/my_nav
Installing planner script to /home/soon/turtlebot3_ws/install/my_nav/lib/my_nav
Installing tracker script to /home/soon/turtlebot3_ws/install/my_nav/lib/my_nav
writing list of installed files to '/home/soon/turtlebot3_ws/build/my_nav/install.log'
