[0.336s] Invoking command in '/home/soon/turtlebot3_ws/build/my_nav': PYTHONPATH=/home/soon/turtlebot3_ws/build/my_nav/prefix_override:/usr/lib/python3/dist-packages/colcon_core/task/python/colcon_distutils_commands:/home/soon/turtlebot3_ws/install/my_nav/lib/python3.10/site-packages:${PYTHONPATH} /usr/bin/python3 -W ignore:setup.py install is deprecated -W ignore:easy_install command is deprecated setup.py develop --uninstall --editable --build-directory /home/soon/turtlebot3_ws/build/my_nav/build
[0.476s] running develop
[0.573s] Removing /home/soon/turtlebot3_ws/install/my_nav/lib/python3.10/site-packages/my-nav.egg-link (link to .)
[0.585s] Invoked command in '/home/soon/turtlebot3_ws/build/my_nav' returned '0': PYTHONPATH=/home/soon/turtlebot3_ws/build/my_nav/prefix_override:/usr/lib/python3/dist-packages/colcon_core/task/python/colcon_distutils_commands:/home/soon/turtlebot3_ws/install/my_nav/lib/python3.10/site-packages:${PYTHONPATH} /usr/bin/python3 -W ignore:setup.py install is deprecated -W ignore:easy_install command is deprecated setup.py develop --uninstall --editable --build-directory /home/soon/turtlebot3_ws/build/my_nav/build
[0.586s] Invoking command in '/home/soon/turtlebot3_ws/src/my_nav': PYTHONPATH=/home/soon/turtlebot3_ws/build/my_nav/prefix_override:/usr/lib/python3/dist-packages/colcon_core/task/python/colcon_distutils_commands:/home/soon/turtlebot3_ws/install/my_nav/lib/python3.10/site-packages:${PYTHONPATH} /usr/bin/python3 -W ignore:setup.py install is deprecated -W ignore:easy_install command is deprecated setup.py egg_info --egg-base ../../build/my_nav build --build-base /home/soon/turtlebot3_ws/build/my_nav/build install --record /home/soon/turtlebot3_ws/build/my_nav/install.log --single-version-externally-managed install_data --force
[0.717s] running egg_info
[0.721s] writing ../../build/my_nav/my_nav.egg-info/PKG-INFO
[0.721s] writing dependency_links to ../../build/my_nav/my_nav.egg-info/dependency_links.txt
[0.721s] writing entry points to ../../build/my_nav/my_nav.egg-info/entry_points.txt
[0.721s] writing requirements to ../../build/my_nav/my_nav.egg-info/requires.txt
[0.721s] writing top-level names to ../../build/my_nav/my_nav.egg-info/top_level.txt
[0.722s] reading manifest file '../../build/my_nav/my_nav.egg-info/SOURCES.txt'
[0.722s] adding license file 'LICENSE'
[0.722s] writing manifest file '../../build/my_nav/my_nav.egg-info/SOURCES.txt'
[0.722s] running build
[0.722s] running build_py
[0.722s] creating /home/soon/turtlebot3_ws/build/my_nav/build
[0.723s] creating /home/soon/turtlebot3_ws/build/my_nav/build/lib
[0.723s] creating /home/soon/turtlebot3_ws/build/my_nav/build/lib/my_nav
[0.723s] copying my_nav/tracker.py -> /home/soon/turtlebot3_ws/build/my_nav/build/lib/my_nav
[0.723s] copying my_nav/planner.py -> /home/soon/turtlebot3_ws/build/my_nav/build/lib/my_nav
[0.723s] copying my_nav/costmap.py -> /home/soon/turtlebot3_ws/build/my_nav/build/lib/my_nav
[0.723s] copying my_nav/__init__.py -> /home/soon/turtlebot3_ws/build/my_nav/build/lib/my_nav
[0.723s] running install
[0.723s] running install_lib
[0.723s] creating /home/soon/turtlebot3_ws/install/my_nav/lib/python3.10/site-packages/my_nav
[0.723s] copying /home/soon/turtlebot3_ws/build/my_nav/build/lib/my_nav/tracker.py -> /home/soon/turtlebot3_ws/install/my_nav/lib/python3.10/site-packages/my_nav
[0.724s] copying /home/soon/turtlebot3_ws/build/my_nav/build/lib/my_nav/planner.py -> /home/soon/turtlebot3_ws/install/my_nav/lib/python3.10/site-packages/my_nav
[0.724s] copying /home/soon/turtlebot3_ws/build/my_nav/build/lib/my_nav/costmap.py -> /home/soon/turtlebot3_ws/install/my_nav/lib/python3.10/site-packages/my_nav
[0.724s] copying /home/soon/turtlebot3_ws/build/my_nav/build/lib/my_nav/__init__.py -> /home/soon/turtlebot3_ws/install/my_nav/lib/python3.10/site-packages/my_nav
[0.724s] byte-compiling /home/soon/turtlebot3_ws/install/my_nav/lib/python3.10/site-packages/my_nav/tracker.py to tracker.cpython-310.pyc
[0.725s] byte-compiling /home/soon/turtlebot3_ws/install/my_nav/lib/python3.10/site-packages/my_nav/planner.py to planner.cpython-310.pyc
[0.725s] byte-compiling /home/soon/turtlebot3_ws/install/my_nav/lib/python3.10/site-packages/my_nav/costmap.py to costmap.cpython-310.pyc
[0.726s] byte-compiling /home/soon/turtlebot3_ws/install/my_nav/lib/python3.10/site-packages/my_nav/__init__.py to __init__.cpython-310.pyc
[0.726s] running install_data
[0.726s] copying resource/my_nav -> /home/soon/turtlebot3_ws/install/my_nav/share/ament_index/resource_index/packages
[0.726s] copying package.xml -> /home/soon/turtlebot3_ws/install/my_nav/share/my_nav
[0.726s] copying launch/costmap.launch.py -> /home/soon/turtlebot3_ws/install/my_nav/share/my_nav/launch
[0.726s] copying launch/my_nav.launch.py -> /home/soon/turtlebot3_ws/install/my_nav/share/my_nav/launch
[0.726s] copying launch/tracker.launch.py -> /home/soon/turtlebot3_ws/install/my_nav/share/my_nav/launch
[0.726s] running install_egg_info
[0.727s] Copying ../../build/my_nav/my_nav.egg-info to /home/soon/turtlebot3_ws/install/my_nav/lib/python3.10/site-packages/my_nav-0.0.0-py3.10.egg-info
[0.727s] running install_scripts
[0.737s] Installing costmap script to /home/soon/turtlebot3_ws/install/my_nav/lib/my_nav
[0.737s] Installing planner script to /home/soon/turtlebot3_ws/install/my_nav/lib/my_nav
[0.737s] Installing tracker script to /home/soon/turtlebot3_ws/install/my_nav/lib/my_nav
[0.737s] writing list of installed files to '/home/soon/turtlebot3_ws/build/my_nav/install.log'
[0.750s] Invoked command in '/home/soon/turtlebot3_ws/src/my_nav' returned '0': PYTHONPATH=/home/soon/turtlebot3_ws/build/my_nav/prefix_override:/usr/lib/python3/dist-packages/colcon_core/task/python/colcon_distutils_commands:/home/soon/turtlebot3_ws/install/my_nav/lib/python3.10/site-packages:${PYTHONPATH} /usr/bin/python3 -W ignore:setup.py install is deprecated -W ignore:easy_install command is deprecated setup.py egg_info --egg-base ../../build/my_nav build --build-base /home/soon/turtlebot3_ws/build/my_nav/build install --record /home/soon/turtlebot3_ws/build/my_nav/install.log --single-version-externally-managed install_data --force
