[0.542s] Invoking command in '/home/soon/turtlebot3_ws/build/my_nav': PYTHONPATH=/home/soon/turtlebot3_ws/build/my_nav/prefix_override:/usr/lib/python3/dist-packages/colcon_core/task/python/colcon_distutils_commands:/home/soon/turtlebot3_ws/install/my_nav/lib/python3.10/site-packages:${PYTHONPATH} /usr/bin/python3 -W ignore:setup.py install is deprecated -W ignore:easy_install command is deprecated setup.py develop --editable --build-directory /home/soon/turtlebot3_ws/build/my_nav/build --no-deps symlink_data
[0.696s] running develop
[0.803s] running egg_info
[0.803s] creating my_nav.egg-info
[0.806s] writing my_nav.egg-info/PKG-INFO
[0.806s] writing dependency_links to my_nav.egg-info/dependency_links.txt
[0.806s] writing entry points to my_nav.egg-info/entry_points.txt
[0.806s] writing requirements to my_nav.egg-info/requires.txt
[0.806s] writing top-level names to my_nav.egg-info/top_level.txt
[0.806s] writing manifest file 'my_nav.egg-info/SOURCES.txt'
[0.808s] reading manifest file 'my_nav.egg-info/SOURCES.txt'
[0.808s] writing manifest file 'my_nav.egg-info/SOURCES.txt'
[0.809s] running build_ext
[0.809s] Creating /home/soon/turtlebot3_ws/install/my_nav/lib/python3.10/site-packages/my-nav.egg-link (link to .)
[0.809s] Installing python_node script to /home/soon/turtlebot3_ws/install/my_nav/lib/my_nav
[0.809s] 
[0.810s] Installed /home/soon/turtlebot3_ws/build/my_nav
[0.810s] running symlink_data
[0.810s] creating /home/soon/turtlebot3_ws/install/my_nav/share/ament_index
[0.810s] creating /home/soon/turtlebot3_ws/install/my_nav/share/ament_index/resource_index
[0.810s] creating /home/soon/turtlebot3_ws/install/my_nav/share/ament_index/resource_index/packages
[0.810s] symbolically linking /home/soon/turtlebot3_ws/build/my_nav/resource/my_nav -> /home/soon/turtlebot3_ws/install/my_nav/share/ament_index/resource_index/packages
[0.810s] symbolically linking /home/soon/turtlebot3_ws/build/my_nav/package.xml -> /home/soon/turtlebot3_ws/install/my_nav/share/my_nav
[0.835s] Invoked command in '/home/soon/turtlebot3_ws/build/my_nav' returned '0': PYTHONPATH=/home/soon/turtlebot3_ws/build/my_nav/prefix_override:/usr/lib/python3/dist-packages/colcon_core/task/python/colcon_distutils_commands:/home/soon/turtlebot3_ws/install/my_nav/lib/python3.10/site-packages:${PYTHONPATH} /usr/bin/python3 -W ignore:setup.py install is deprecated -W ignore:easy_install command is deprecated setup.py develop --editable --build-directory /home/soon/turtlebot3_ws/build/my_nav/build --no-deps symlink_data
