[0.008s] Invoking command in '/home/soon/turtlebot3_ws/build/turtlebot3_simulations': CMAKE_PREFIX_PATH=/home/soon/turtlebot3_ws/install/turtlebot3_fake_node:/home/soon/turtlebot3_ws/install/turtlebot3_msgs:/home/soon/turtlebot3_ws/install/turtlebot3_manipulation_gazebo:/home/soon/turtlebot3_ws/install/turtlebot3_gazebo:/home/soon/turtlebot3_ws/install/turtlebot3_description:/home/soon/turtlebot3_ws/install/my_nav:/home/soon/turtlebot3_ws/install/nav:/home/soon/turtlebot3_ws/install/turtlebot3_simulations:/home/soon/turtlebot3_ws/install/turtlebot3_teleop:/opt/ros/humble /usr/bin/cmake --build /home/soon/turtlebot3_ws/build/turtlebot3_simulations -- -j12 -l12
[0.035s] Invoked command in '/home/soon/turtlebot3_ws/build/turtlebot3_simulations' returned '0': CMAKE_PREFIX_PATH=/home/soon/turtlebot3_ws/install/turtlebot3_fake_node:/home/soon/turtlebot3_ws/install/turtlebot3_msgs:/home/soon/turtlebot3_ws/install/turtlebot3_manipulation_gazebo:/home/soon/turtlebot3_ws/install/turtlebot3_gazebo:/home/soon/turtlebot3_ws/install/turtlebot3_description:/home/soon/turtlebot3_ws/install/my_nav:/home/soon/turtlebot3_ws/install/nav:/home/soon/turtlebot3_ws/install/turtlebot3_simulations:/home/soon/turtlebot3_ws/install/turtlebot3_teleop:/opt/ros/humble /usr/bin/cmake --build /home/soon/turtlebot3_ws/build/turtlebot3_simulations -- -j12 -l12
[0.036s] Invoking command in '/home/soon/turtlebot3_ws/build/turtlebot3_simulations': CMAKE_PREFIX_PATH=/home/soon/turtlebot3_ws/install/turtlebot3_fake_node:/home/soon/turtlebot3_ws/install/turtlebot3_msgs:/home/soon/turtlebot3_ws/install/turtlebot3_manipulation_gazebo:/home/soon/turtlebot3_ws/install/turtlebot3_gazebo:/home/soon/turtlebot3_ws/install/turtlebot3_description:/home/soon/turtlebot3_ws/install/my_nav:/home/soon/turtlebot3_ws/install/nav:/home/soon/turtlebot3_ws/install/turtlebot3_simulations:/home/soon/turtlebot3_ws/install/turtlebot3_teleop:/opt/ros/humble /usr/bin/cmake --install /home/soon/turtlebot3_ws/build/turtlebot3_simulations
[0.041s] -- Install configuration: ""
[0.041s] -- Execute custom install script
[0.041s] -- Up-to-date symlink: /home/soon/turtlebot3_ws/install/turtlebot3_simulations/share/ament_index/resource_index/package_run_dependencies/turtlebot3_simulations
[0.042s] -- Up-to-date symlink: /home/soon/turtlebot3_ws/install/turtlebot3_simulations/share/ament_index/resource_index/parent_prefix_path/turtlebot3_simulations
[0.042s] -- Up-to-date symlink: /home/soon/turtlebot3_ws/install/turtlebot3_simulations/share/turtlebot3_simulations/environment/ament_prefix_path.sh
[0.042s] -- Up-to-date symlink: /home/soon/turtlebot3_ws/install/turtlebot3_simulations/share/turtlebot3_simulations/environment/ament_prefix_path.dsv
[0.042s] -- Up-to-date symlink: /home/soon/turtlebot3_ws/install/turtlebot3_simulations/share/turtlebot3_simulations/environment/path.sh
[0.042s] -- Up-to-date symlink: /home/soon/turtlebot3_ws/install/turtlebot3_simulations/share/turtlebot3_simulations/environment/path.dsv
[0.042s] -- Up-to-date symlink: /home/soon/turtlebot3_ws/install/turtlebot3_simulations/share/turtlebot3_simulations/local_setup.bash
[0.042s] -- Up-to-date symlink: /home/soon/turtlebot3_ws/install/turtlebot3_simulations/share/turtlebot3_simulations/local_setup.sh
[0.042s] -- Up-to-date symlink: /home/soon/turtlebot3_ws/install/turtlebot3_simulations/share/turtlebot3_simulations/local_setup.zsh
[0.042s] -- Up-to-date symlink: /home/soon/turtlebot3_ws/install/turtlebot3_simulations/share/turtlebot3_simulations/local_setup.dsv
[0.042s] -- Symlinking: /home/soon/turtlebot3_ws/install/turtlebot3_simulations/share/turtlebot3_simulations/package.dsv
[0.050s] -- Up-to-date symlink: /home/soon/turtlebot3_ws/install/turtlebot3_simulations/share/ament_index/resource_index/packages/turtlebot3_simulations
[0.050s] -- Up-to-date symlink: /home/soon/turtlebot3_ws/install/turtlebot3_simulations/share/turtlebot3_simulations/cmake/turtlebot3_simulationsConfig.cmake
[0.050s] -- Up-to-date symlink: /home/soon/turtlebot3_ws/install/turtlebot3_simulations/share/turtlebot3_simulations/cmake/turtlebot3_simulationsConfig-version.cmake
[0.050s] -- Up-to-date symlink: /home/soon/turtlebot3_ws/install/turtlebot3_simulations/share/turtlebot3_simulations/package.xml
[0.052s] Invoked command in '/home/soon/turtlebot3_ws/build/turtlebot3_simulations' returned '0': CMAKE_PREFIX_PATH=/home/soon/turtlebot3_ws/install/turtlebot3_fake_node:/home/soon/turtlebot3_ws/install/turtlebot3_msgs:/home/soon/turtlebot3_ws/install/turtlebot3_manipulation_gazebo:/home/soon/turtlebot3_ws/install/turtlebot3_gazebo:/home/soon/turtlebot3_ws/install/turtlebot3_description:/home/soon/turtlebot3_ws/install/my_nav:/home/soon/turtlebot3_ws/install/nav:/home/soon/turtlebot3_ws/install/turtlebot3_simulations:/home/soon/turtlebot3_ws/install/turtlebot3_teleop:/opt/ros/humble /usr/bin/cmake --install /home/soon/turtlebot3_ws/build/turtlebot3_simulations
