[0.164s] Invoking command in '/home/soon/turtlebot3_ws/build/turtlebot3_description': CMAKE_PREFIX_PATH=${CMAKE_PREFIX_PATH}:/home/soon/turtlebot3_ws/install/turtlebot3_teleop:/home/soon/turtlebot3_ws/install/my_nav:/opt/ros/humble /usr/bin/cmake /home/soon/turtlebot3_ws/src/turtlebot3_description -DAMENT_CMAKE_SYMLINK_INSTALL=1 -DCMAKE_INSTALL_PREFIX=/home/soon/turtlebot3_ws/install/turtlebot3_description
[0.196s] -- The C compiler identification is GNU 11.4.0
[0.230s] -- The CXX compiler identification is GNU 11.4.0
[0.234s] -- Detecting C compiler ABI info
[0.278s] -- Detecting C compiler ABI info - done
[0.282s] -- Check for working C compiler: /usr/bin/cc - skipped
[0.282s] -- Detecting C compile features
[0.282s] -- Detecting C compile features - done
[0.284s] -- Detecting CXX compiler ABI info
[0.337s] -- Detecting CXX compiler ABI info - done
[0.342s] -- Check for working CXX compiler: /usr/bin/c++ - skipped
[0.342s] -- Detecting CXX compile features
[0.342s] -- Detecting CXX compile features - done
[0.344s] -- Found ament_cmake: 1.3.11 (/opt/ros/humble/share/ament_cmake/cmake)
[0.444s] -- Found Python3: /usr/bin/python3 (found version "3.10.12") found components: Interpreter 
[0.493s] -- Override CMake install command with custom implementation using symlinks instead of copying resources
[0.519s] -- Found urdf: 2.6.1 (/opt/ros/humble/share/urdf/cmake)
[0.602s] -- Configuring done
[0.603s] -- Generating done
[0.604s] -- Build files have been written to: /home/soon/turtlebot3_ws/build/turtlebot3_description
[0.610s] Invoked command in '/home/soon/turtlebot3_ws/build/turtlebot3_description' returned '0': CMAKE_PREFIX_PATH=${CMAKE_PREFIX_PATH}:/home/soon/turtlebot3_ws/install/turtlebot3_teleop:/home/soon/turtlebot3_ws/install/my_nav:/opt/ros/humble /usr/bin/cmake /home/soon/turtlebot3_ws/src/turtlebot3_description -DAMENT_CMAKE_SYMLINK_INSTALL=1 -DCMAKE_INSTALL_PREFIX=/home/soon/turtlebot3_ws/install/turtlebot3_description
[0.611s] Invoking command in '/home/soon/turtlebot3_ws/build/turtlebot3_description': CMAKE_PREFIX_PATH=${CMAKE_PREFIX_PATH}:/home/soon/turtlebot3_ws/install/turtlebot3_teleop:/home/soon/turtlebot3_ws/install/my_nav:/opt/ros/humble /usr/bin/cmake --build /home/soon/turtlebot3_ws/build/turtlebot3_description -- -j12 -l12
[0.634s] Invoked command in '/home/soon/turtlebot3_ws/build/turtlebot3_description' returned '0': CMAKE_PREFIX_PATH=${CMAKE_PREFIX_PATH}:/home/soon/turtlebot3_ws/install/turtlebot3_teleop:/home/soon/turtlebot3_ws/install/my_nav:/opt/ros/humble /usr/bin/cmake --build /home/soon/turtlebot3_ws/build/turtlebot3_description -- -j12 -l12
[0.636s] Invoking command in '/home/soon/turtlebot3_ws/build/turtlebot3_description': CMAKE_PREFIX_PATH=${CMAKE_PREFIX_PATH}:/home/soon/turtlebot3_ws/install/turtlebot3_teleop:/home/soon/turtlebot3_ws/install/my_nav:/opt/ros/humble /usr/bin/cmake --install /home/soon/turtlebot3_ws/build/turtlebot3_description
[0.640s] -- Install configuration: ""
[0.640s] -- Execute custom install script
[0.640s] -- Symlinking: /home/soon/turtlebot3_ws/install/turtlebot3_description/share/turtlebot3_description/meshes/bases/burger_base.stl
[0.646s] -- Symlinking: /home/soon/turtlebot3_ws/install/turtlebot3_description/share/turtlebot3_description/meshes/bases/waffle_base.stl
[0.650s] -- Symlinking: /home/soon/turtlebot3_ws/install/turtlebot3_description/share/turtlebot3_description/meshes/bases/waffle_pi_base.stl
[0.656s] -- Symlinking: /home/soon/turtlebot3_ws/install/turtlebot3_description/share/turtlebot3_description/meshes/sensors/astra.dae
[0.660s] -- Symlinking: /home/soon/turtlebot3_ws/install/turtlebot3_description/share/turtlebot3_description/meshes/sensors/astra.jpg
[0.665s] -- Symlinking: /home/soon/turtlebot3_ws/install/turtlebot3_description/share/turtlebot3_description/meshes/sensors/lds.stl
[0.670s] -- Symlinking: /home/soon/turtlebot3_ws/install/turtlebot3_description/share/turtlebot3_description/meshes/sensors/r200.dae
[0.675s] -- Symlinking: /home/soon/turtlebot3_ws/install/turtlebot3_description/share/turtlebot3_description/meshes/sensors/r200.jpg
[0.681s] -- Symlinking: /home/soon/turtlebot3_ws/install/turtlebot3_description/share/turtlebot3_description/meshes/wheels/left_tire.stl
[0.687s] -- Symlinking: /home/soon/turtlebot3_ws/install/turtlebot3_description/share/turtlebot3_description/meshes/wheels/right_tire.stl
[0.692s] -- Symlinking: /home/soon/turtlebot3_ws/install/turtlebot3_description/share/turtlebot3_description/rviz/model.rviz
[0.697s] -- Symlinking: /home/soon/turtlebot3_ws/install/turtlebot3_description/share/turtlebot3_description/urdf/common_properties.urdf
[0.702s] -- Symlinking: /home/soon/turtlebot3_ws/install/turtlebot3_description/share/turtlebot3_description/urdf/turtlebot3_burger.urdf
[0.709s] -- Symlinking: /home/soon/turtlebot3_ws/install/turtlebot3_description/share/turtlebot3_description/urdf/turtlebot3_waffle.urdf
[0.714s] -- Symlinking: /home/soon/turtlebot3_ws/install/turtlebot3_description/share/turtlebot3_description/urdf/turtlebot3_waffle_pi.urdf
[0.721s] -- Symlinking: /home/soon/turtlebot3_ws/install/turtlebot3_description/share/ament_index/resource_index/package_run_dependencies/turtlebot3_description
[0.726s] -- Symlinking: /home/soon/turtlebot3_ws/install/turtlebot3_description/share/ament_index/resource_index/parent_prefix_path/turtlebot3_description
[0.732s] -- Symlinking: /home/soon/turtlebot3_ws/install/turtlebot3_description/share/turtlebot3_description/environment/ament_prefix_path.sh
[0.737s] -- Symlinking: /home/soon/turtlebot3_ws/install/turtlebot3_description/share/turtlebot3_description/environment/ament_prefix_path.dsv
[0.742s] -- Symlinking: /home/soon/turtlebot3_ws/install/turtlebot3_description/share/turtlebot3_description/environment/path.sh
[0.747s] -- Symlinking: /home/soon/turtlebot3_ws/install/turtlebot3_description/share/turtlebot3_description/environment/path.dsv
[0.752s] -- Symlinking: /home/soon/turtlebot3_ws/install/turtlebot3_description/share/turtlebot3_description/local_setup.bash
[0.757s] -- Symlinking: /home/soon/turtlebot3_ws/install/turtlebot3_description/share/turtlebot3_description/local_setup.sh
[0.763s] -- Symlinking: /home/soon/turtlebot3_ws/install/turtlebot3_description/share/turtlebot3_description/local_setup.zsh
[0.769s] -- Symlinking: /home/soon/turtlebot3_ws/install/turtlebot3_description/share/turtlebot3_description/local_setup.dsv
[0.774s] -- Symlinking: /home/soon/turtlebot3_ws/install/turtlebot3_description/share/turtlebot3_description/package.dsv
[0.780s] -- Symlinking: /home/soon/turtlebot3_ws/install/turtlebot3_description/share/ament_index/resource_index/packages/turtlebot3_description
[0.785s] -- Symlinking: /home/soon/turtlebot3_ws/install/turtlebot3_description/share/turtlebot3_description/cmake/turtlebot3_descriptionConfig.cmake
[0.790s] -- Symlinking: /home/soon/turtlebot3_ws/install/turtlebot3_description/share/turtlebot3_description/cmake/turtlebot3_descriptionConfig-version.cmake
[0.796s] -- Symlinking: /home/soon/turtlebot3_ws/install/turtlebot3_description/share/turtlebot3_description/package.xml
[0.802s] Invoked command in '/home/soon/turtlebot3_ws/build/turtlebot3_description' returned '0': CMAKE_PREFIX_PATH=${CMAKE_PREFIX_PATH}:/home/soon/turtlebot3_ws/install/turtlebot3_teleop:/home/soon/turtlebot3_ws/install/my_nav:/opt/ros/humble /usr/bin/cmake --install /home/soon/turtlebot3_ws/build/turtlebot3_description
